<?xml version="1.0" encoding="UTF-8"?>
<coverage generated="1708045496511" clover="3.2.0">
  <project timestamp="1708045496511" name="All files">
    <metrics statements="31" coveredstatements="31" conditionals="10" coveredconditionals="10" methods="3" coveredmethods="3" elements="44" coveredelements="44" complexity="0" loc="31" ncloc="31" packages="1" files="1" classes="1"/>
    <file name="index.ts" path="/home/jesse/zod-to-mongoose/src/index.ts">
      <metrics statements="31" coveredstatements="31" conditionals="10" coveredconditionals="10" methods="3" coveredmethods="3"/>
      <line num="2" count="1" type="stmt"/>
      <line num="20" count="1" type="stmt"/>
      <line num="25" count="5" type="stmt"/>
      <line num="26" count="5" type="stmt"/>
      <line num="27" count="13" type="stmt"/>
      <line num="28" count="13" type="stmt"/>
      <line num="30" count="4" type="stmt"/>
      <line num="31" count="4" type="cond" truecount="3" falsecount="0"/>
      <line num="32" count="3" type="stmt"/>
      <line num="43" count="13" type="stmt"/>
      <line num="45" count="13" type="cond" truecount="5" falsecount="0"/>
      <line num="47" count="3" type="stmt"/>
      <line num="48" count="3" type="stmt"/>
      <line num="50" count="3" type="stmt"/>
      <line num="51" count="3" type="stmt"/>
      <line num="53" count="3" type="stmt"/>
      <line num="54" count="3" type="stmt"/>
      <line num="56" count="3" type="stmt"/>
      <line num="57" count="3" type="stmt"/>
      <line num="59" count="1" type="stmt"/>
      <line num="62" count="12" type="cond" truecount="1" falsecount="0"/>
      <line num="63" count="7" type="stmt"/>
      <line num="65" count="5" type="stmt"/>
      <line num="78" count="13" type="stmt"/>
      <line num="79" count="13" type="stmt"/>
      <line num="80" count="13" type="stmt"/>
      <line num="81" count="13" type="stmt"/>
      <line num="82" count="8" type="cond" truecount="1" falsecount="0"/>
      <line num="83" count="5" type="stmt"/>
      <line num="85" count="8" type="stmt"/>
      <line num="87" count="13" type="stmt"/>
    </file>
  </project>
</coverage>
