{"/home/jesse/zod-to-mongoose/src/index.ts": {"path":"/home/jesse/zod-to-mongoose/src/index.ts","statementMap":{"0":{"start":{"line":2,"column":0},"end":{"line":2,"column":37}},"1":{"start":{"line":26,"column":54},"end":{"line":26,"column":56}},"2":{"start":{"line":27,"column":4},"end":{"line":30,"column":5}},"3":{"start":{"line":28,"column":25},"end":{"line":28,"column":45}},"4":{"start":{"line":29,"column":8},"end":{"line":29,"column":58}},"5":{"start":{"line":31,"column":19},"end":{"line":31,"column":54}},"6":{"start":{"line":32,"column":4},"end":{"line":32,"column":49}},"7":{"start":{"line":32,"column":35},"end":{"line":32,"column":49}},"8":{"start":{"line":33,"column":4},"end":{"line":33,"column":69}},"9":{"start":{"line":21,"column":0},"end":{"line":21,"column":16}},"10":{"start":{"line":44,"column":26},"end":{"line":44,"column":46}},"11":{"start":{"line":46,"column":4},"end":{"line":61,"column":5}},"12":{"start":{"line":48,"column":12},"end":{"line":48,"column":30}},"13":{"start":{"line":49,"column":12},"end":{"line":49,"column":18}},"14":{"start":{"line":51,"column":12},"end":{"line":51,"column":30}},"15":{"start":{"line":52,"column":12},"end":{"line":52,"column":18}},"16":{"start":{"line":54,"column":12},"end":{"line":54,"column":31}},"17":{"start":{"line":55,"column":12},"end":{"line":55,"column":18}},"18":{"start":{"line":57,"column":12},"end":{"line":57,"column":28}},"19":{"start":{"line":58,"column":12},"end":{"line":58,"column":18}},"20":{"start":{"line":60,"column":12},"end":{"line":60,"column":57}},"21":{"start":{"line":63,"column":4},"end":{"line":65,"column":5}},"22":{"start":{"line":64,"column":8},"end":{"line":64,"column":24}},"23":{"start":{"line":66,"column":4},"end":{"line":69,"column":6}},"24":{"start":{"line":79,"column":21},"end":{"line":79,"column":25}},"25":{"start":{"line":80,"column":21},"end":{"line":80,"column":26}},"26":{"start":{"line":81,"column":23},"end":{"line":81,"column":32}},"27":{"start":{"line":82,"column":4},"end":{"line":87,"column":5}},"28":{"start":{"line":83,"column":8},"end":{"line":85,"column":9}},"29":{"start":{"line":84,"column":12},"end":{"line":84,"column":58}},"30":{"start":{"line":86,"column":8},"end":{"line":86,"column":47}},"31":{"start":{"line":88,"column":4},"end":{"line":88,"column":50}}},"fnMap":{"0":{"name":"createSchema","decl":{"start":{"line":21,"column":16},"end":{"line":21,"column":28}},"loc":{"start":{"line":24,"column":36},"end":{"line":34,"column":1}}},"1":{"name":"convertField","decl":{"start":{"line":43,"column":9},"end":{"line":43,"column":21}},"loc":{"start":{"line":43,"column":96},"end":{"line":70,"column":1}}},"2":{"name":"unwrapType","decl":{"start":{"line":78,"column":9},"end":{"line":78,"column":19}},"loc":{"start":{"line":78,"column":39},"end":{"line":89,"column":1}}}},"branchMap":{"0":{"loc":{"start":{"line":32,"column":4},"end":{"line":32,"column":49}},"type":"if","locations":[{"start":{"line":32,"column":4},"end":{"line":32,"column":49}}]},"1":{"loc":{"start":{"line":32,"column":8},"end":{"line":32,"column":33}},"type":"binary-expr","locations":[{"start":{"line":32,"column":8},"end":{"line":32,"column":19}},{"start":{"line":32,"column":23},"end":{"line":32,"column":33}}]},"2":{"loc":{"start":{"line":46,"column":4},"end":{"line":61,"column":5}},"type":"switch","locations":[{"start":{"line":47,"column":8},"end":{"line":49,"column":18}},{"start":{"line":50,"column":8},"end":{"line":52,"column":18}},{"start":{"line":53,"column":8},"end":{"line":55,"column":18}},{"start":{"line":56,"column":8},"end":{"line":58,"column":18}},{"start":{"line":59,"column":8},"end":{"line":60,"column":57}}]},"3":{"loc":{"start":{"line":63,"column":4},"end":{"line":65,"column":5}},"type":"if","locations":[{"start":{"line":63,"column":4},"end":{"line":65,"column":5}}]},"4":{"loc":{"start":{"line":83,"column":8},"end":{"line":85,"column":9}},"type":"if","locations":[{"start":{"line":83,"column":8},"end":{"line":85,"column":9}}]}},"s":{"0":1,"1":5,"2":5,"3":13,"4":13,"5":4,"6":4,"7":1,"8":3,"9":1,"10":13,"11":13,"12":3,"13":3,"14":3,"15":3,"16":3,"17":3,"18":3,"19":3,"20":1,"21":12,"22":7,"23":5,"24":13,"25":13,"26":13,"27":13,"28":8,"29":5,"30":8,"31":13},"f":{"0":5,"1":13,"2":13},"b":{"0":[1],"1":[4,4],"2":[3,3,3,3,1],"3":[7],"4":[5]}}
}
