{"/home/jesse/zod-to-mongoose/src/index.ts": {"path":"/home/jesse/zod-to-mongoose/src/index.ts","statementMap":{"0":{"start":{"line":2,"column":0},"end":{"line":2,"column":37}},"1":{"start":{"line":25,"column":54},"end":{"line":25,"column":56}},"2":{"start":{"line":26,"column":4},"end":{"line":29,"column":5}},"3":{"start":{"line":27,"column":25},"end":{"line":27,"column":45}},"4":{"start":{"line":28,"column":8},"end":{"line":28,"column":58}},"5":{"start":{"line":30,"column":19},"end":{"line":30,"column":54}},"6":{"start":{"line":31,"column":4},"end":{"line":31,"column":49}},"7":{"start":{"line":31,"column":35},"end":{"line":31,"column":49}},"8":{"start":{"line":32,"column":4},"end":{"line":32,"column":93}},"9":{"start":{"line":20,"column":0},"end":{"line":20,"column":16}},"10":{"start":{"line":42,"column":4},"end":{"line":42,"column":52}},"11":{"start":{"line":53,"column":26},"end":{"line":53,"column":46}},"12":{"start":{"line":55,"column":4},"end":{"line":72,"column":5}},"13":{"start":{"line":57,"column":12},"end":{"line":57,"column":30}},"14":{"start":{"line":58,"column":12},"end":{"line":58,"column":18}},"15":{"start":{"line":60,"column":12},"end":{"line":60,"column":30}},"16":{"start":{"line":61,"column":12},"end":{"line":61,"column":18}},"17":{"start":{"line":63,"column":12},"end":{"line":63,"column":31}},"18":{"start":{"line":64,"column":12},"end":{"line":64,"column":18}},"19":{"start":{"line":66,"column":12},"end":{"line":66,"column":28}},"20":{"start":{"line":67,"column":12},"end":{"line":67,"column":18}},"21":{"start":{"line":69,"column":12},"end":{"line":69,"column":18}},"22":{"start":{"line":71,"column":12},"end":{"line":71,"column":57}},"23":{"start":{"line":73,"column":4},"end":{"line":75,"column":5}},"24":{"start":{"line":74,"column":8},"end":{"line":74,"column":58}},"25":{"start":{"line":77,"column":4},"end":{"line":79,"column":5}},"26":{"start":{"line":78,"column":8},"end":{"line":78,"column":24}},"27":{"start":{"line":80,"column":4},"end":{"line":83,"column":6}},"28":{"start":{"line":93,"column":21},"end":{"line":93,"column":25}},"29":{"start":{"line":94,"column":21},"end":{"line":94,"column":26}},"30":{"start":{"line":95,"column":23},"end":{"line":95,"column":32}},"31":{"start":{"line":96,"column":4},"end":{"line":101,"column":5}},"32":{"start":{"line":97,"column":8},"end":{"line":99,"column":9}},"33":{"start":{"line":98,"column":12},"end":{"line":98,"column":58}},"34":{"start":{"line":100,"column":8},"end":{"line":100,"column":47}},"35":{"start":{"line":102,"column":4},"end":{"line":102,"column":50}}},"fnMap":{"0":{"name":"createSchema","decl":{"start":{"line":20,"column":16},"end":{"line":20,"column":28}},"loc":{"start":{"line":23,"column":36},"end":{"line":33,"column":1}}},"1":{"name":"isZodObject","decl":{"start":{"line":41,"column":9},"end":{"line":41,"column":20}},"loc":{"start":{"line":41,"column":46},"end":{"line":43,"column":1}}},"2":{"name":"convertField","decl":{"start":{"line":52,"column":9},"end":{"line":52,"column":21}},"loc":{"start":{"line":52,"column":96},"end":{"line":84,"column":1}}},"3":{"name":"unwrapType","decl":{"start":{"line":92,"column":9},"end":{"line":92,"column":19}},"loc":{"start":{"line":92,"column":39},"end":{"line":103,"column":1}}}},"branchMap":{"0":{"loc":{"start":{"line":31,"column":4},"end":{"line":31,"column":49}},"type":"if","locations":[{"start":{"line":31,"column":4},"end":{"line":31,"column":49}}]},"1":{"loc":{"start":{"line":31,"column":8},"end":{"line":31,"column":33}},"type":"binary-expr","locations":[{"start":{"line":31,"column":8},"end":{"line":31,"column":19}},{"start":{"line":31,"column":23},"end":{"line":31,"column":33}}]},"2":{"loc":{"start":{"line":55,"column":4},"end":{"line":72,"column":5}},"type":"switch","locations":[{"start":{"line":56,"column":8},"end":{"line":58,"column":18}},{"start":{"line":59,"column":8},"end":{"line":61,"column":18}},{"start":{"line":62,"column":8},"end":{"line":64,"column":18}},{"start":{"line":65,"column":8},"end":{"line":67,"column":18}},{"start":{"line":68,"column":8},"end":{"line":69,"column":18}},{"start":{"line":70,"column":8},"end":{"line":71,"column":57}}]},"3":{"loc":{"start":{"line":73,"column":4},"end":{"line":75,"column":5}},"type":"if","locations":[{"start":{"line":73,"column":4},"end":{"line":75,"column":5}}]},"4":{"loc":{"start":{"line":77,"column":4},"end":{"line":79,"column":5}},"type":"if","locations":[{"start":{"line":77,"column":4},"end":{"line":79,"column":5}}]},"5":{"loc":{"start":{"line":97,"column":8},"end":{"line":99,"column":9}},"type":"if","locations":[{"start":{"line":97,"column":8},"end":{"line":99,"column":9}}]}},"s":{"0":1,"1":7,"2":7,"3":18,"4":18,"5":6,"6":6,"7":2,"8":4,"9":1,"10":17,"11":18,"12":18,"13":7,"14":7,"15":3,"16":3,"17":3,"18":3,"19":3,"20":3,"21":1,"22":1,"23":17,"24":1,"25":17,"26":12,"27":5,"28":18,"29":18,"30":18,"31":18,"32":8,"33":5,"34":8,"35":18},"f":{"0":7,"1":17,"2":18,"3":18},"b":{"0":[2],"1":[6,5],"2":[7,3,3,3,1,1],"3":[1],"4":[12],"5":[5]}}
}
