TN:
SF:src/index.ts
FN:20,createSchema
FN:42,convertField
FN:77,unwrapType
FNF:3
FNH:3
FNDA:5,createSchema
FNDA:13,convertField
FNDA:13,unwrapType
DA:2,1
DA:20,1
DA:25,5
DA:26,5
DA:27,13
DA:28,13
DA:30,4
DA:31,4
DA:32,3
DA:43,13
DA:45,13
DA:47,3
DA:48,3
DA:50,3
DA:51,3
DA:53,3
DA:54,3
DA:56,3
DA:57,3
DA:59,1
DA:62,12
DA:63,7
DA:65,5
DA:78,13
DA:79,13
DA:80,13
DA:81,13
DA:82,8
DA:83,5
DA:85,8
DA:87,13
LF:31
LH:31
BRDA:31,0,0,1
BRDA:31,1,0,4
BRDA:31,1,1,4
BRDA:45,2,0,3
BRDA:45,2,1,3
BRDA:45,2,2,3
BRDA:45,2,3,3
BRDA:45,2,4,1
BRDA:62,3,0,7
BRDA:82,4,0,5
BRF:10
BRH:10
end_of_record
