TN:
SF:src/index.ts
FN:20,createSchema
FN:41,isZodObject
FN:52,convertField
FN:92,unwrapType
FNF:4
FNH:4
FNDA:7,createSchema
FNDA:17,isZodObject
FNDA:18,convertField
FNDA:18,unwrapType
DA:2,1
DA:20,1
DA:25,7
DA:26,7
DA:27,18
DA:28,18
DA:30,6
DA:31,6
DA:32,4
DA:42,17
DA:53,18
DA:55,18
DA:57,7
DA:58,7
DA:60,3
DA:61,3
DA:63,3
DA:64,3
DA:66,3
DA:67,3
DA:69,1
DA:71,1
DA:73,17
DA:74,1
DA:77,17
DA:78,12
DA:80,5
DA:93,18
DA:94,18
DA:95,18
DA:96,18
DA:97,8
DA:98,5
DA:100,8
DA:102,18
LF:35
LH:35
BRDA:31,0,0,2
BRDA:31,1,0,6
BRDA:31,1,1,5
BRDA:55,2,0,7
BRDA:55,2,1,3
BRDA:55,2,2,3
BRDA:55,2,3,3
BRDA:55,2,4,1
BRDA:55,2,5,1
BRDA:73,3,0,1
BRDA:77,4,0,12
BRDA:97,5,0,5
BRF:12
BRH:12
end_of_record
